# JRE version: Java(TM) SE Runtime Environment (8.0_131-b11) (build 1.8.0_131-b11)
# Java VM: Java HotSpot(TM) 64-Bit Server VM (25.131-b11 mixed mode linux-amd64 compressed oops)
Heap:
 PSYoungGen      total 2150400K, used 208212K [0x0000000580100000, 0x0000000608900000, 0x0000000800000000)
  eden space 2064384K, 5% used [0x0000000580100000,0x000000058785bbc0,0x00000005fe100000)
  from space 86016K, 99% used [0x0000000603500000,0x00000006088f9648,0x0000000608900000)
  to   space 86016K, 0% used [0x00000005fe100000,0x00000005fe100000,0x0000000603500000)
 ParOldGen       total 1376256K, used 169816K [0x0000000080200000, 0x00000000d4200000, 0x0000000580100000)
  object space 1376256K, 12% used [0x0000000080200000,0x000000008a7d6000,0x00000000d4200000)
 Metaspace       used 3014K, capacity 4566K, committed 4864K, reserved 1056768K
  class space    used 306K, capacity 390K, committed 512K, reserved 1048576K
GC Heap History (8 events):
Event: 2.072 GC heap before
{Heap before GC invocations=1 (full 0):
 PSYoungGen      total 602112K, used 516096K [0x0000000580100000, 0x00000005aa100000, 0x0000000800000000)
  eden space 516096K, 100% used [0x0000000580100000,0x000000059f900000,0x000000059f900000)
  from space 86016K, 0% used [0x00000005a4d00000,0x00000005a4d00000,0x00000005aa100000)
  to   space 86016K, 0% used [0x000000059f900000,0x000000059f900000,0x00000005a4d00000)
 ParOldGen       total 1376256K, used 0K [0x0000000080200000, 0x00000000d4200000, 0x0000000580100000)
  object space 1376256K, 0% used [0x0000000080200000,0x0000000080200000,0x00000000d4200000)
 Metaspace       used 2840K, capacity 4566K, committed 4864K, reserved 1056768K
  class space    used 298K, capacity 390K, committed 512K, reserved 1048576K
Event: 2.221 GC heap after
Heap after GC invocations=1 (full 0):
 PSYoungGen      total 602112K, used 85996K [0x0000000580100000, 0x00000005c9900000, 0x0000000800000000)
  eden space 516096K, 0% used [0x0000000580100000,0x0000000580100000,0x000000059f900000)
  from space 86016K, 99% used [0x000000059f900000,0x00000005a4cfb320,0x00000005a4d00000)
  to   space 86016K, 0% used [0x00000005c4500000,0x00000005c4500000,0x00000005c9900000)
 ParOldGen       total 1376256K, used 112488K [0x0000000080200000, 0x00000000d4200000, 0x0000000580100000)
  object space 1376256K, 8% used [0x0000000080200000,0x0000000086fda000,0x00000000d4200000)
 Metaspace       used 2840K, capacity 4566K, committed 4864K, reserved 1056768K
  class space    used 298K, capacity 390K, committed 512K, reserved 1048576K
}
Event: 9.458 GC heap before
{Heap before GC invocations=2 (full 0):
 PSYoungGen      total 602112K, used 602092K [0x0000000580100000, 0x00000005c9900000, 0x0000000800000000)
  eden space 516096K, 100% used [0x0000000580100000,0x000000059f900000,0x000000059f900000)
  from space 86016K, 99% used [0x000000059f900000,0x00000005a4cfb320,0x00000005a4d00000)
  to   space 86016K, 0% used [0x00000005c4500000,0x00000005c4500000,0x00000005c9900000)
 ParOldGen       total 1376256K, used 112488K [0x0000000080200000, 0x00000000d4200000, 0x0000000580100000)
  object space 1376256K, 8% used [0x0000000080200000,0x0000000086fda000,0x00000000d4200000)
 Metaspace       used 2902K, capacity 4566K, committed 4864K, reserved 1056768K
  class space    used 299K, capacity 390K, committed 512K, reserved 1048576K
Event: 9.533 GC heap after
Heap after GC invocations=2 (full 0):
 PSYoungGen      total 1118208K, used 86012K [0x0000000580100000, 0x00000005c9900000, 0x0000000800000000)
  eden space 1032192K, 0% used [0x0000000580100000,0x0000000580100000,0x00000005bf100000)
  from space 86016K, 99% used [0x00000005c4500000,0x00000005c98ff330,0x00000005c9900000)
  to   space 86016K, 0% used [0x00000005bf100000,0x00000005bf100000,0x00000005c4500000)
 ParOldGen       total 1376256K, used 114184K [0x0000000080200000, 0x00000000d4200000, 0x0000000580100000)
  object space 1376256K, 8% used [0x0000000080200000,0x0000000087182000,0x00000000d4200000)
 Metaspace       used 2902K, capacity 4566K, committed 4864K, reserved 1056768K
  class space    used 299K, capacity 390K, committed 512K, reserved 1048576K
}
Event: 1075.166 GC heap before
{Heap before GC invocations=3 (full 0):
 PSYoungGen      total 1118208K, used 1118204K [0x0000000580100000, 0x00000005c9900000, 0x0000000800000000)
  eden space 1032192K, 100% used [0x0000000580100000,0x00000005bf100000,0x00000005bf100000)
  from space 86016K, 99% used [0x00000005c4500000,0x00000005c98ff330,0x00000005c9900000)
  to   space 86016K, 0% used [0x00000005bf100000,0x00000005bf100000,0x00000005c4500000)
 ParOldGen       total 1376256K, used 114184K [0x0000000080200000, 0x00000000d4200000, 0x0000000580100000)
  object space 1376256K, 8% used [0x0000000080200000,0x0000000087182000,0x00000000d4200000)
 Metaspace       used 3014K, capacity 4566K, committed 4864K, reserved 1056768K
  class space    used 306K, capacity 390K, committed 512K, reserved 1048576K
Event: 1075.237 GC heap after
Heap after GC invocations=3 (full 0):
 PSYoungGen      total 1118208K, used 86012K [0x0000000580100000, 0x0000000608900000, 0x0000000800000000)
  eden space 1032192K, 0% used [0x0000000580100000,0x0000000580100000,0x00000005bf100000)
  from space 86016K, 99% used [0x00000005bf100000,0x00000005c44ff310,0x00000005c4500000)
  to   space 86016K, 0% used [0x0000000603500000,0x0000000603500000,0x0000000608900000)
 ParOldGen       total 1376256K, used 116864K [0x0000000080200000, 0x00000000d4200000, 0x0000000580100000)
  object space 1376256K, 8% used [0x0000000080200000,0x0000000087420000,0x00000000d4200000)
 Metaspace       used 3014K, capacity 4566K, committed 4864K, reserved 1056768K
  class space    used 306K, capacity 390K, committed 512K, reserved 1048576K
}
Event: 2084.732 GC heap before
{Heap before GC invocations=4 (full 0):
 PSYoungGen      total 1118208K, used 1118204K [0x0000000580100000, 0x0000000608900000, 0x0000000800000000)
  eden space 1032192K, 100% used [0x0000000580100000,0x00000005bf100000,0x00000005bf100000)
  from space 86016K, 99% used [0x00000005bf100000,0x00000005c44ff310,0x00000005c4500000)
  to   space 86016K, 0% used [0x0000000603500000,0x0000000603500000,0x0000000608900000)
 ParOldGen       total 1376256K, used 116864K [0x0000000080200000, 0x00000000d4200000, 0x0000000580100000)
  object space 1376256K, 8% used [0x0000000080200000,0x0000000087420000,0x00000000d4200000)
 Metaspace       used 3014K, capacity 4566K, committed 4864K, reserved 1056768K
  class space    used 306K, capacity 390K, committed 512K, reserved 1048576K
Event: 2084.866 GC heap after
Heap after GC invocations=4 (full 0):
 PSYoungGen      total 2150400K, used 85989K [0x0000000580100000, 0x0000000608900000, 0x0000000800000000)
  eden space 2064384K, 0% used [0x0000000580100000,0x0000000580100000,0x00000005fe100000)
  from space 86016K, 99% used [0x0000000603500000,0x00000006088f9648,0x0000000608900000)
  to   space 86016K, 0% used [0x00000005fe100000,0x00000005fe100000,0x0000000603500000)
 ParOldGen       total 1376256K, used 169816K [0x0000000080200000, 0x00000000d4200000, 0x0000000580100000)
  object space 1376256K, 12% used [0x0000000080200000,0x000000008a7d6000,0x00000000d4200000)
 Metaspace       used 3014K, capacity 4566K, committed 4864K, reserved 1056768K
  class space    used 306K, capacity 390K, committed 512K, reserved 1048576K
}

