# JRE version: Java(TM) SE Runtime Environment (8.0_131-b11) (build 1.8.0_131-b11)
# Java VM: Java HotSpot(TM) 64-Bit Server VM (25.131-b11 mixed mode linux-amd64 compressed oops)
Heap:
 PSYoungGen      total 1118208K, used 473834K [0x0000000580100000, 0x00000005c9900000, 0x0000000800000000)
  eden space 1032192K, 37% used [0x0000000580100000,0x0000000597bbf748,0x00000005bf100000)
  from space 86016K, 99% used [0x00000005c4500000,0x00000005c98fb320,0x00000005c9900000)
  to   space 86016K, 0% used [0x00000005bf100000,0x00000005bf100000,0x00000005c4500000)
 ParOldGen       total 1376256K, used 110752K [0x0000000080200000, 0x00000000d4200000, 0x0000000580100000)
  object space 1376256K, 8% used [0x0000000080200000,0x0000000086e28000,0x00000000d4200000)
 Metaspace       used 2988K, capacity 4566K, committed 4864K, reserved 1056768K
  class space    used 307K, capacity 390K, committed 512K, reserved 1048576K
GC Heap History (4 events):
Event: 2.480 GC heap before
{Heap before GC invocations=1 (full 0):
 PSYoungGen      total 602112K, used 516096K [0x0000000580100000, 0x00000005aa100000, 0x0000000800000000)
  eden space 516096K, 100% used [0x0000000580100000,0x000000059f900000,0x000000059f900000)
  from space 86016K, 0% used [0x00000005a4d00000,0x00000005a4d00000,0x00000005aa100000)
  to   space 86016K, 0% used [0x000000059f900000,0x000000059f900000,0x00000005a4d00000)
 ParOldGen       total 1376256K, used 0K [0x0000000080200000, 0x00000000d4200000, 0x0000000580100000)
  object space 1376256K, 0% used [0x0000000080200000,0x0000000080200000,0x00000000d4200000)
 Metaspace       used 2868K, capacity 4566K, committed 4864K, reserved 1056768K
  class space    used 300K, capacity 390K, committed 512K, reserved 1048576K
Event: 2.612 GC heap after
Heap after GC invocations=1 (full 0):
 PSYoungGen      total 602112K, used 86012K [0x0000000580100000, 0x00000005c9900000, 0x0000000800000000)
  eden space 516096K, 0% used [0x0000000580100000,0x0000000580100000,0x000000059f900000)
  from space 86016K, 99% used [0x000000059f900000,0x00000005a4cff310,0x00000005a4d00000)
  to   space 86016K, 0% used [0x00000005c4500000,0x00000005c4500000,0x00000005c9900000)
 ParOldGen       total 1376256K, used 109880K [0x0000000080200000, 0x00000000d4200000, 0x0000000580100000)
  object space 1376256K, 7% used [0x0000000080200000,0x0000000086d4e000,0x00000000d4200000)
 Metaspace       used 2868K, capacity 4566K, committed 4864K, reserved 1056768K
  class space    used 300K, capacity 390K, committed 512K, reserved 1048576K
}
Event: 527.015 GC heap before
{Heap before GC invocations=2 (full 0):
 PSYoungGen      total 602112K, used 602108K [0x0000000580100000, 0x00000005c9900000, 0x0000000800000000)
  eden space 516096K, 100% used [0x0000000580100000,0x000000059f900000,0x000000059f900000)
  from space 86016K, 99% used [0x000000059f900000,0x00000005a4cff310,0x00000005a4d00000)
  to   space 86016K, 0% used [0x00000005c4500000,0x00000005c4500000,0x00000005c9900000)
 ParOldGen       total 1376256K, used 109880K [0x0000000080200000, 0x00000000d4200000, 0x0000000580100000)
  object space 1376256K, 7% used [0x0000000080200000,0x0000000086d4e000,0x00000000d4200000)
 Metaspace       used 2972K, capacity 4566K, committed 4864K, reserved 1056768K
  class space    used 306K, capacity 390K, committed 512K, reserved 1048576K
Event: 527.095 GC heap after
Heap after GC invocations=2 (full 0):
 PSYoungGen      total 1118208K, used 85996K [0x0000000580100000, 0x00000005c9900000, 0x0000000800000000)
  eden space 1032192K, 0% used [0x0000000580100000,0x0000000580100000,0x00000005bf100000)
  from space 86016K, 99% used [0x00000005c4500000,0x00000005c98fb320,0x00000005c9900000)
  to   space 86016K, 0% used [0x00000005bf100000,0x00000005bf100000,0x00000005c4500000)
 ParOldGen       total 1376256K, used 110752K [0x0000000080200000, 0x00000000d4200000, 0x0000000580100000)
  object space 1376256K, 8% used [0x0000000080200000,0x0000000086e28000,0x00000000d4200000)
 Metaspace       used 2972K, capacity 4566K, committed 4864K, reserved 1056768K
  class space    used 306K, capacity 390K, committed 512K, reserved 1048576K
}

